# JRE version: Java(TM) SE Runtime Environment (8.0_65-b17) (build 1.8.0_65-b17)
# Java VM: Java HotSpot(TM) 64-Bit Server VM (25.65-b01 mixed mode bsd-amd64 compressed oops)
Heap:
 PSYoungGen      total 23552K, used 14129K [0x00000007aab00000, 0x00000007ac900000, 0x00000007c0000000)
  eden space 16384K, 85% used [0x00000007aab00000,0x00000007ab8ac4a8,0x00000007abb00000)
  from space 7168K, 1% used [0x00000007abb00000,0x00000007abb20000,0x00000007ac200000)
  to   space 7168K, 0% used [0x00000007ac200000,0x00000007ac200000,0x00000007ac900000)
 ParOldGen       total 44032K, used 9129K [0x0000000780000000, 0x0000000782b00000, 0x00000007aab00000)
  object space 44032K, 20% used [0x0000000780000000,0x00000007808ea5b8,0x0000000782b00000)
 Metaspace       used 17859K, capacity 18638K, committed 18816K, reserved 1064960K
  class space    used 2404K, capacity 2606K, committed 2688K, reserved 1048576K
GC Heap History (10 events):
Event: 46.863 GC heap before
{Heap before GC invocations=9 (full 0):
 PSYoungGen      total 24064K, used 16543K [0x00000007aab00000, 0x00000007aca00000, 0x00000007c0000000)
  eden space 16384K, 99% used [0x00000007aab00000,0x00000007abafffd8,0x00000007abb00000)
  from space 7680K, 2% used [0x00000007ac280000,0x00000007ac2a8000,0x00000007aca00000)
  to   space 7680K, 0% used [0x00000007abb00000,0x00000007abb00000,0x00000007ac280000)
 ParOldGen       total 44032K, used 8905K [0x0000000780000000, 0x0000000782b00000, 0x00000007aab00000)
  object space 44032K, 20% used [0x0000000780000000,0x00000007808b25b8,0x0000000782b00000)
 Metaspace       used 17676K, capacity 18388K, committed 18560K, reserved 1064960K
  class space    used 2394K, capacity 2595K, committed 2688K, reserved 1048576K
Event: 46.864 GC heap after
Heap after GC invocations=9 (full 0):
 PSYoungGen      total 24064K, used 128K [0x00000007aab00000, 0x00000007aca00000, 0x00000007c0000000)
  eden space 16384K, 0% used [0x00000007aab00000,0x00000007aab00000,0x00000007abb00000)
  from space 7680K, 1% used [0x00000007abb00000,0x00000007abb20000,0x00000007ac280000)
  to   space 7680K, 0% used [0x00000007ac280000,0x00000007ac280000,0x00000007aca00000)
 ParOldGen       total 44032K, used 8969K [0x0000000780000000, 0x0000000782b00000, 0x00000007aab00000)
  object space 44032K, 20% used [0x0000000780000000,0x00000007808c25b8,0x0000000782b00000)
 Metaspace       used 17676K, capacity 18388K, committed 18560K, reserved 1064960K
  class space    used 2394K, capacity 2595K, committed 2688K, reserved 1048576K
}
Event: 58.249 GC heap before
{Heap before GC invocations=10 (full 0):
 PSYoungGen      total 24064K, used 16512K [0x00000007aab00000, 0x00000007aca00000, 0x00000007c0000000)
  eden space 16384K, 100% used [0x00000007aab00000,0x00000007abb00000,0x00000007abb00000)
  from space 7680K, 1% used [0x00000007abb00000,0x00000007abb20000,0x00000007ac280000)
  to   space 7680K, 0% used [0x00000007ac280000,0x00000007ac280000,0x00000007aca00000)
 ParOldGen       total 44032K, used 8969K [0x0000000780000000, 0x0000000782b00000, 0x00000007aab00000)
  object space 44032K, 20% used [0x0000000780000000,0x00000007808c25b8,0x0000000782b00000)
 Metaspace       used 17724K, capacity 18524K, committed 18816K, reserved 1064960K
  class space    used 2394K, capacity 2595K, committed 2688K, reserved 1048576K
Event: 58.251 GC heap after
Heap after GC invocations=10 (full 0):
 PSYoungGen      total 24064K, used 128K [0x00000007aab00000, 0x00000007aca00000, 0x00000007c0000000)
  eden space 16384K, 0% used [0x00000007aab00000,0x00000007aab00000,0x00000007abb00000)
  from space 7680K, 1% used [0x00000007ac280000,0x00000007ac2a0000,0x00000007aca00000)
  to   space 7680K, 0% used [0x00000007abb00000,0x00000007abb00000,0x00000007ac280000)
 ParOldGen       total 44032K, used 9033K [0x0000000780000000, 0x0000000782b00000, 0x00000007aab00000)
  object space 44032K, 20% used [0x0000000780000000,0x00000007808d25b8,0x0000000782b00000)
 Metaspace       used 17724K, capacity 18524K, committed 18816K, reserved 1064960K
  class space    used 2394K, capacity 2595K, committed 2688K, reserved 1048576K
}
Event: 64.454 GC heap before
{Heap before GC invocations=11 (full 0):
 PSYoungGen      total 24064K, used 16512K [0x00000007aab00000, 0x00000007aca00000, 0x00000007c0000000)
  eden space 16384K, 100% used [0x00000007aab00000,0x00000007abb00000,0x00000007abb00000)
  from space 7680K, 1% used [0x00000007ac280000,0x00000007ac2a0000,0x00000007aca00000)
  to   space 7680K, 0% used [0x00000007abb00000,0x00000007abb00000,0x00000007ac280000)
 ParOldGen       total 44032K, used 9033K [0x0000000780000000, 0x0000000782b00000, 0x00000007aab00000)
  object space 44032K, 20% used [0x0000000780000000,0x00000007808d25b8,0x0000000782b00000)
 Metaspace       used 17758K, capacity 18524K, committed 18816K, reserved 1064960K
  class space    used 2395K, capacity 2595K, committed 2688K, reserved 1048576K
Event: 64.455 GC heap after
Heap after GC invocations=11 (full 0):
 PSYoungGen      total 24064K, used 128K [0x00000007aab00000, 0x00000007aca00000, 0x00000007c0000000)
  eden space 16384K, 0% used [0x00000007aab00000,0x00000007aab00000,0x00000007abb00000)
  from space 7680K, 1% used [0x00000007abb00000,0x00000007abb20000,0x00000007ac280000)
  to   space 7680K, 0% used [0x00000007ac280000,0x00000007ac280000,0x00000007aca00000)
 ParOldGen       total 44032K, used 9073K [0x0000000780000000, 0x0000000782b00000, 0x00000007aab00000)
  object space 44032K, 20% used [0x0000000780000000,0x00000007808dc5b8,0x0000000782b00000)
 Metaspace       used 17758K, capacity 18524K, committed 18816K, reserved 1064960K
  class space    used 2395K, capacity 2595K, committed 2688K, reserved 1048576K
}
Event: 71.568 GC heap before
{Heap before GC invocations=12 (full 0):
 PSYoungGen      total 24064K, used 16512K [0x00000007aab00000, 0x00000007aca00000, 0x00000007c0000000)
  eden space 16384K, 100% used [0x00000007aab00000,0x00000007abb00000,0x00000007abb00000)
  from space 7680K, 1% used [0x00000007abb00000,0x00000007abb20000,0x00000007ac280000)
  to   space 7680K, 0% used [0x00000007ac280000,0x00000007ac280000,0x00000007aca00000)
 ParOldGen       total 44032K, used 9073K [0x0000000780000000, 0x0000000782b00000, 0x00000007aab00000)
  object space 44032K, 20% used [0x0000000780000000,0x00000007808dc5b8,0x0000000782b00000)
 Metaspace       used 17780K, capacity 18588K, committed 18816K, reserved 1064960K
  class space    used 2395K, capacity 2595K, committed 2688K, reserved 1048576K
Event: 71.570 GC heap after
Heap after GC invocations=12 (full 0):
 PSYoungGen      total 23040K, used 128K [0x00000007aab00000, 0x00000007ac900000, 0x00000007c0000000)
  eden space 16384K, 0% used [0x00000007aab00000,0x00000007aab00000,0x00000007abb00000)
  from space 6656K, 1% used [0x00000007ac280000,0x00000007ac2a0000,0x00000007ac900000)
  to   space 7168K, 0% used [0x00000007abb00000,0x00000007abb00000,0x00000007ac200000)
 ParOldGen       total 44032K, used 9105K [0x0000000780000000, 0x0000000782b00000, 0x00000007aab00000)
  object space 44032K, 20% used [0x0000000780000000,0x00000007808e45b8,0x0000000782b00000)
 Metaspace       used 17780K, capacity 18588K, committed 18816K, reserved 1064960K
  class space    used 2395K, capacity 2595K, committed 2688K, reserved 1048576K
}
Event: 78.813 GC heap before
{Heap before GC invocations=13 (full 0):
 PSYoungGen      total 23040K, used 16512K [0x00000007aab00000, 0x00000007ac900000, 0x00000007c0000000)
  eden space 16384K, 100% used [0x00000007aab00000,0x00000007abb00000,0x00000007abb00000)
  from space 6656K, 1% used [0x00000007ac280000,0x00000007ac2a0000,0x00000007ac900000)
  to   space 7168K, 0% used [0x00000007abb00000,0x00000007abb00000,0x00000007ac200000)
 ParOldGen       total 44032K, used 9105K [0x0000000780000000, 0x0000000782b00000, 0x00000007aab00000)
  object space 44032K, 20% used [0x0000000780000000,0x00000007808e45b8,0x0000000782b00000)
 Metaspace       used 17787K, capacity 18588K, committed 18816K, reserved 1064960K
  class space    used 2395K, capacity 2595K, committed 2688K, reserved 1048576K
Event: 78.814 GC heap after
Heap after GC invocations=13 (full 0):
 PSYoungGen      total 23552K, used 128K [0x00000007aab00000, 0x00000007ac900000, 0x00000007c0000000)
  eden space 16384K, 0% used [0x00000007aab00000,0x00000007aab00000,0x00000007abb00000)
  from space 7168K, 1% used [0x00000007abb00000,0x00000007abb20000,0x00000007ac200000)
  to   space 7168K, 0% used [0x00000007ac200000,0x00000007ac200000,0x00000007ac900000)
 ParOldGen       total 44032K, used 9129K [0x0000000780000000, 0x0000000782b00000, 0x00000007aab00000)
  object space 44032K, 20% used [0x0000000780000000,0x00000007808ea5b8,0x0000000782b00000)
 Metaspace       used 17787K, capacity 18588K, committed 18816K, reserved 1064960K
  class space    used 2395K, capacity 2595K, committed 2688K, reserved 1048576K
}

