# JRE version: Java(TM) SE Runtime Environment (8.0_65-b17) (build 1.8.0_65-b17)
# Java VM: Java HotSpot(TM) 64-Bit Server VM (25.65-b01 mixed mode bsd-amd64 compressed oops)
Heap:
 PSYoungGen      total 24576K, used 12903K [0x00000007aab00000, 0x00000007acb00000, 0x00000007c0000000)
  eden space 16384K, 74% used [0x00000007aab00000,0x00000007ab6dd4c0,0x00000007abb00000)
  from space 8192K, 9% used [0x00000007abb00000,0x00000007abbbc9b8,0x00000007ac300000)
  to   space 8192K, 0% used [0x00000007ac300000,0x00000007ac300000,0x00000007acb00000)
 ParOldGen       total 44032K, used 9514K [0x0000000780000000, 0x0000000782b00000, 0x00000007aab00000)
  object space 44032K, 21% used [0x0000000780000000,0x000000078094a818,0x0000000782b00000)
 Metaspace       used 16964K, capacity 17746K, committed 18048K, reserved 1064960K
  class space    used 2185K, capacity 2346K, committed 2432K, reserved 1048576K
GC Heap History (10 events):
Event: 7.489 GC heap before
{Heap before GC invocations=3 (full 0):
 PSYoungGen      total 18944K, used 18928K [0x00000007aab00000, 0x00000007ac000000, 0x00000007c0000000)
  eden space 16384K, 100% used [0x00000007aab00000,0x00000007abb00000,0x00000007abb00000)
  from space 2560K, 99% used [0x00000007abd80000,0x00000007abffc030,0x00000007ac000000)
  to   space 2560K, 0% used [0x00000007abb00000,0x00000007abb00000,0x00000007abd80000)
 ParOldGen       total 44032K, used 1149K [0x0000000780000000, 0x0000000782b00000, 0x00000007aab00000)
  object space 44032K, 2% used [0x0000000780000000,0x000000078011f418,0x0000000782b00000)
 Metaspace       used 15851K, capacity 16570K, committed 16768K, reserved 1062912K
  class space    used 2169K, capacity 2334K, committed 2432K, reserved 1048576K
Event: 7.502 GC heap after
Heap after GC invocations=3 (full 0):
 PSYoungGen      total 18944K, used 2546K [0x00000007aab00000, 0x00000007ac000000, 0x00000007c0000000)
  eden space 16384K, 0% used [0x00000007aab00000,0x00000007aab00000,0x00000007abb00000)
  from space 2560K, 99% used [0x00000007abb00000,0x00000007abd7c9d8,0x00000007abd80000)
  to   space 2560K, 0% used [0x00000007abd80000,0x00000007abd80000,0x00000007ac000000)
 ParOldGen       total 44032K, used 7425K [0x0000000780000000, 0x0000000782b00000, 0x00000007aab00000)
  object space 44032K, 16% used [0x0000000780000000,0x00000007807407c8,0x0000000782b00000)
 Metaspace       used 15851K, capacity 16570K, committed 16768K, reserved 1062912K
  class space    used 2169K, capacity 2334K, committed 2432K, reserved 1048576K
}
Event: 11.575 GC heap before
{Heap before GC invocations=4 (full 0):
 PSYoungGen      total 18944K, used 18930K [0x00000007aab00000, 0x00000007ac000000, 0x00000007c0000000)
  eden space 16384K, 100% used [0x00000007aab00000,0x00000007abb00000,0x00000007abb00000)
  from space 2560K, 99% used [0x00000007abb00000,0x00000007abd7c9d8,0x00000007abd80000)
  to   space 2560K, 0% used [0x00000007abd80000,0x00000007abd80000,0x00000007ac000000)
 ParOldGen       total 44032K, used 7425K [0x0000000780000000, 0x0000000782b00000, 0x00000007aab00000)
  object space 44032K, 16% used [0x0000000780000000,0x00000007807407c8,0x0000000782b00000)
 Metaspace       used 16329K, capacity 17034K, committed 17280K, reserved 1064960K
  class space    used 2174K, capacity 2334K, committed 2432K, reserved 1048576K
Event: 11.584 GC heap after
Heap after GC invocations=4 (full 0):
 PSYoungGen      total 18944K, used 2530K [0x00000007aab00000, 0x00000007ac000000, 0x00000007c0000000)
  eden space 16384K, 0% used [0x00000007aab00000,0x00000007aab00000,0x00000007abb00000)
  from space 2560K, 98% used [0x00000007abd80000,0x00000007abff89c8,0x00000007ac000000)
  to   space 2560K, 0% used [0x00000007abb00000,0x00000007abb00000,0x00000007abd80000)
 ParOldGen       total 44032K, used 7521K [0x0000000780000000, 0x0000000782b00000, 0x00000007aab00000)
  object space 44032K, 17% used [0x0000000780000000,0x00000007807587c8,0x0000000782b00000)
 Metaspace       used 16329K, capacity 17034K, committed 17280K, reserved 1064960K
  class space    used 2174K, capacity 2334K, committed 2432K, reserved 1048576K
}
Event: 16.917 GC heap before
{Heap before GC invocations=5 (full 0):
 PSYoungGen      total 18944K, used 18914K [0x00000007aab00000, 0x00000007ac000000, 0x00000007c0000000)
  eden space 16384K, 100% used [0x00000007aab00000,0x00000007abb00000,0x00000007abb00000)
  from space 2560K, 98% used [0x00000007abd80000,0x00000007abff89c8,0x00000007ac000000)
  to   space 2560K, 0% used [0x00000007abb00000,0x00000007abb00000,0x00000007abd80000)
 ParOldGen       total 44032K, used 7521K [0x0000000780000000, 0x0000000782b00000, 0x00000007aab00000)
  object space 44032K, 17% used [0x0000000780000000,0x00000007807587c8,0x0000000782b00000)
 Metaspace       used 16565K, capacity 17298K, committed 17536K, reserved 1064960K
  class space    used 2174K, capacity 2334K, committed 2432K, reserved 1048576K
Event: 16.927 GC heap after
Heap after GC invocations=5 (full 0):
 PSYoungGen      total 18944K, used 2546K [0x00000007aab00000, 0x00000007acc00000, 0x00000007c0000000)
  eden space 16384K, 0% used [0x00000007aab00000,0x00000007aab00000,0x00000007abb00000)
  from space 2560K, 99% used [0x00000007abb00000,0x00000007abd7c9d8,0x00000007abd80000)
  to   space 8704K, 0% used [0x00000007ac380000,0x00000007ac380000,0x00000007acc00000)
 ParOldGen       total 44032K, used 7569K [0x0000000780000000, 0x0000000782b00000, 0x00000007aab00000)
  object space 44032K, 17% used [0x0000000780000000,0x00000007807647c8,0x0000000782b00000)
 Metaspace       used 16565K, capacity 17298K, committed 17536K, reserved 1064960K
  class space    used 2174K, capacity 2334K, committed 2432K, reserved 1048576K
}
Event: 23.139 GC heap before
{Heap before GC invocations=6 (full 0):
 PSYoungGen      total 18944K, used 18930K [0x00000007aab00000, 0x00000007acc00000, 0x00000007c0000000)
  eden space 16384K, 100% used [0x00000007aab00000,0x00000007abb00000,0x00000007abb00000)
  from space 2560K, 99% used [0x00000007abb00000,0x00000007abd7c9d8,0x00000007abd80000)
  to   space 8704K, 0% used [0x00000007ac380000,0x00000007ac380000,0x00000007acc00000)
 ParOldGen       total 44032K, used 7569K [0x0000000780000000, 0x0000000782b00000, 0x00000007aab00000)
  object space 44032K, 17% used [0x0000000780000000,0x00000007807647c8,0x0000000782b00000)
 Metaspace       used 16767K, capacity 17498K, committed 17792K, reserved 1064960K
  class space    used 2174K, capacity 2334K, committed 2432K, reserved 1048576K
Event: 23.152 GC heap after
Heap after GC invocations=6 (full 0):
 PSYoungGen      total 24064K, used 2642K [0x00000007aab00000, 0x00000007acb00000, 0x00000007c0000000)
  eden space 16384K, 0% used [0x00000007aab00000,0x00000007aab00000,0x00000007abb00000)
  from space 7680K, 34% used [0x00000007ac380000,0x00000007ac6149d8,0x00000007acb00000)
  to   space 8192K, 0% used [0x00000007abb00000,0x00000007abb00000,0x00000007ac300000)
 ParOldGen       total 44032K, used 7577K [0x0000000780000000, 0x0000000782b00000, 0x00000007aab00000)
  object space 44032K, 17% used [0x0000000780000000,0x00000007807667c8,0x0000000782b00000)
 Metaspace       used 16767K, capacity 17498K, committed 17792K, reserved 1064960K
  class space    used 2174K, capacity 2334K, committed 2432K, reserved 1048576K
}
Event: 30.277 GC heap before
{Heap before GC invocations=7 (full 0):
 PSYoungGen      total 24064K, used 19026K [0x00000007aab00000, 0x00000007acb00000, 0x00000007c0000000)
  eden space 16384K, 100% used [0x00000007aab00000,0x00000007abb00000,0x00000007abb00000)
  from space 7680K, 34% used [0x00000007ac380000,0x00000007ac6149d8,0x00000007acb00000)
  to   space 8192K, 0% used [0x00000007abb00000,0x00000007abb00000,0x00000007ac300000)
 ParOldGen       total 44032K, used 7577K [0x0000000780000000, 0x0000000782b00000, 0x00000007aab00000)
  object space 44032K, 17% used [0x0000000780000000,0x00000007807667c8,0x0000000782b00000)
 Metaspace       used 16888K, capacity 17568K, committed 17792K, reserved 1064960K
  class space    used 2176K, capacity 2335K, committed 2432K, reserved 1048576K
Event: 30.291 GC heap after
Heap after GC invocations=7 (full 0):
 PSYoungGen      total 24576K, used 754K [0x00000007aab00000, 0x00000007acb00000, 0x00000007c0000000)
  eden space 16384K, 0% used [0x00000007aab00000,0x00000007aab00000,0x00000007abb00000)
  from space 8192K, 9% used [0x00000007abb00000,0x00000007abbbc9b8,0x00000007ac300000)
  to   space 8192K, 0% used [0x00000007ac300000,0x00000007ac300000,0x00000007acb00000)
 ParOldGen       total 44032K, used 9514K [0x0000000780000000, 0x0000000782b00000, 0x00000007aab00000)
  object space 44032K, 21% used [0x0000000780000000,0x000000078094a818,0x0000000782b00000)
 Metaspace       used 16888K, capacity 17568K, committed 17792K, reserved 1064960K
  class space    used 2176K, capacity 2335K, committed 2432K, reserved 1048576K
}

